The system is: Windows - 10.0.17134 - AMD64
Compiling the C compiler identification source file "CMakeCCompilerId.c" succeeded.
Compiler: C:/Program Files (x86)/Microsoft Visual Studio/2017/Professional/VC/Tools/MSVC/14.15.26726/bin/Hostx86/x86/cl.exe 
Build flags: 
Id flags:  

The output was:
0
Compilateur d'optimisation Microsoft (R) C/C++ versionÿ19.15.26732.1 pour x86
Copyright (C) Microsoft Corporation. Tous droits r‚serv‚s.

CMakeCCompilerId.c
Microsoft (R) Incremental Linker Version 14.15.26732.1
Copyright (C) Microsoft Corporation.  All rights reserved.

/out:CMakeCCompilerId.exe 
CMakeCCompilerId.obj 


Compilation of the C compiler identification source "CMakeCCompilerId.c" produced "CMakeCCompilerId.exe"

Compilation of the C compiler identification source "CMakeCCompilerId.c" produced "CMakeCCompilerId.obj"

The C compiler identification is MSVC, found in "C:/Users/Kaarthi/Documents/GitHub/Bataille-Navale/Bataille-Navale/cmake-build-debug/CMakeFiles/3.13.2/CompilerIdC/CMakeCCompilerId.exe"

Determining if the C compiler works passed with the following output:
Change Dir: C:/Users/Kaarthi/Documents/GitHub/Bataille-Navale/Bataille-Navale/cmake-build-debug/CMakeFiles/CMakeTmp

Run Build Command:"nmake" "/nologo" "cmTC_5b59d\fast"
	"C:\Program Files (x86)\Microsoft Visual Studio\2017\Professional\VC\Tools\MSVC\14.15.26726\bin\HostX86\x86\nmake.exe" -f CMakeFiles\cmTC_5b59d.dir\build.make /nologo -L                  CMakeFiles\cmTC_5b59d.dir\build
Building C object CMakeFiles/cmTC_5b59d.dir/testCCompiler.c.obj
	C:\PROGRA~2\MIB055~1\2017\PROFES~1\VC\Tools\MSVC\1415~1.267\bin\Hostx86\x86\cl.exe @C:\Users\Kaarthi\AppData\Local\Temp\nm748C.tmp
testCCompiler.c
Linking C executable cmTC_5b59d.exe
	"C:\Program Files\JetBrains\CLion 2018.3.4\bin\cmake\win\bin\cmake.exe" -E vs_link_exe --intdir=CMakeFiles\cmTC_5b59d.dir --manifests  -- C:\PROGRA~2\MIB055~1\2017\PROFES~1\VC\Tools\MSVC\1415~1.267\bin\Hostx86\x86\link.exe /nologo @CMakeFiles\cmTC_5b59d.dir\objects1.rsp @C:\Users\Kaarthi\AppData\Local\Temp\nm74EB.tmp


Detecting C compiler ABI info compiled with the following output:
Change Dir: C:/Users/Kaarthi/Documents/GitHub/Bataille-Navale/Bataille-Navale/cmake-build-debug/CMakeFiles/CMakeTmp

Run Build Command:"nmake" "/nologo" "cmTC_e082c\fast"
	"C:\Program Files (x86)\Microsoft Visual Studio\2017\Professional\VC\Tools\MSVC\14.15.26726\bin\HostX86\x86\nmake.exe" -f CMakeFiles\cmTC_e082c.dir\build.make /nologo -L                  CMakeFiles\cmTC_e082c.dir\build
Building C object CMakeFiles/cmTC_e082c.dir/CMakeCCompilerABI.c.obj
	C:\PROGRA~2\MIB055~1\2017\PROFES~1\VC\Tools\MSVC\1415~1.267\bin\Hostx86\x86\cl.exe @C:\Users\Kaarthi\AppData\Local\Temp\nm77A9.tmp
CMakeCCompilerABI.c
Linking C executable cmTC_e082c.exe
	"C:\Program Files\JetBrains\CLion 2018.3.4\bin\cmake\win\bin\cmake.exe" -E vs_link_exe --intdir=CMakeFiles\cmTC_e082c.dir --manifests  -- C:\PROGRA~2\MIB055~1\2017\PROFES~1\VC\Tools\MSVC\1415~1.267\bin\Hostx86\x86\link.exe /nologo @CMakeFiles\cmTC_e082c.dir\objects1.rsp @C:\Users\Kaarthi\AppData\Local\Temp\nm7807.tmp




Detecting C [] compiler features compiled with the following output:
Change Dir: C:/Users/Kaarthi/Documents/GitHub/Bataille-Navale/Bataille-Navale/cmake-build-debug/CMakeFiles/CMakeTmp

Run Build Command:"nmake" "/nologo" "cmTC_2f904\fast"
	"C:\Program Files (x86)\Microsoft Visual Studio\2017\Professional\VC\Tools\MSVC\14.15.26726\bin\HostX86\x86\nmake.exe" -f CMakeFiles\cmTC_2f904.dir\build.make /nologo -L                  CMakeFiles\cmTC_2f904.dir\build
Building C object CMakeFiles/cmTC_2f904.dir/feature_tests.c.obj
	C:\PROGRA~2\MIB055~1\2017\PROFES~1\VC\Tools\MSVC\1415~1.267\bin\Hostx86\x86\cl.exe @C:\Users\Kaarthi\AppData\Local\Temp\nm7A87.tmp
feature_tests.c
Linking C executable cmTC_2f904.exe
	"C:\Program Files\JetBrains\CLion 2018.3.4\bin\cmake\win\bin\cmake.exe" -E vs_link_exe --intdir=CMakeFiles\cmTC_2f904.dir --manifests  -- C:\PROGRA~2\MIB055~1\2017\PROFES~1\VC\Tools\MSVC\1415~1.267\bin\Hostx86\x86\link.exe /nologo @CMakeFiles\cmTC_2f904.dir\objects1.rsp @C:\Users\Kaarthi\AppData\Local\Temp\nm7AE6.tmp


    Feature record: C_FEATURE:1c_function_prototypes
    Feature record: C_FEATURE:1c_variadic_macros
